<?xml version="1.0" ?>
<coverage branch-rate="0" branches-covered="0" branches-valid="0" complexity="0" line-rate="0.375" lines-covered="3" lines-valid="8" timestamp="1559275341119" version="4.5.3">
	<!-- Generated by coverage.py: https://coverage.readthedocs.io -->
	<!-- Based on https://raw.githubusercontent.com/cobertura/web/master/htdocs/xml/coverage-04.dtd -->
	<sources>
		<source>/home/luis7238/workspace/repos/terra-k8s/ansible/roles/ansible-sonobuoy-ubuntu</source>
	</sources>
	<packages>
		<package branch-rate="0" complexity="0" line-rate="0.375" name="molecule.default.tests">
			<classes>
				<class branch-rate="0" complexity="0" filename="molecule/default/tests/test_default.py" line-rate="0.375" name="test_default.py">
					<methods/>
					<lines>
						<line hits="1" number="1"/>
						<line hits="1" number="3"/>
						<line hits="1" number="5"/>
						<line hits="0" number="9"/>
						<line hits="0" number="10"/>
						<line hits="0" number="12"/>
						<line hits="0" number="13"/>
						<line hits="0" number="14"/>
					</lines>
				</class>
			</classes>
		</package>
	</packages>
</coverage>
